TN:
SF:/Users/nousunion/Repos/noMeatMayProject/code/server/src/inversify.config.ts
FNF:0
FNH:0
DA:1,2
DA:3,2
DA:4,2
DA:5,2
DA:6,2
DA:7,2
DA:8,2
DA:9,2
DA:10,2
DA:11,2
DA:15,2
DA:16,2
DA:17,2
DA:18,2
DA:19,2
DA:20,2
DA:21,2
DA:22,2
DA:23,2
DA:25,2
LF:20
LH:20
BRF:0
BRH:0
end_of_record
TN:
SF:/Users/nousunion/Repos/noMeatMayProject/code/server/src/inversifyTypes.ts
FNF:0
FNH:0
DA:1,2
DA:12,2
LF:2
LH:2
BRF:0
BRH:0
end_of_record
TN:
SF:/Users/nousunion/Repos/noMeatMayProject/code/server/src/server.ts
FN:29,(anonymous_5)
FN:42,(anonymous_6)
FN:43,(anonymous_7)
FN:61,(anonymous_8)
FN:62,(anonymous_9)
FN:69,(anonymous_10)
FN:79,(anonymous_11)
FNF:7
FNH:0
FNDA:0,(anonymous_5)
FNDA:0,(anonymous_6)
FNDA:0,(anonymous_7)
FNDA:0,(anonymous_8)
FNDA:0,(anonymous_9)
FNDA:0,(anonymous_10)
FNDA:0,(anonymous_11)
DA:1,2
DA:2,2
DA:3,2
DA:5,2
DA:6,2
DA:8,2
DA:21,2
DA:36,0
DA:37,0
DA:38,0
DA:39,0
DA:40,0
DA:43,0
DA:50,0
DA:51,0
DA:53,0
DA:62,0
DA:70,0
DA:80,0
DA:81,0
LF:20
LH:7
BRF:0
BRH:0
end_of_record
TN:
SF:/Users/nousunion/Repos/noMeatMayProject/code/server/src/db/dbConnectionConfig.ts
FNF:0
FNH:0
DA:1,2
DA:2,2
DA:3,2
DA:4,2
DA:5,2
DA:6,2
DA:10,2
DA:19,2
DA:33,2
DA:47,2
LF:10
LH:10
BRF:0
BRH:0
end_of_record
TN:
SF:/Users/nousunion/Repos/noMeatMayProject/code/server/src/db/index.ts
FN:25,(anonymous_11)
FN:30,(anonymous_12)
FN:59,(anonymous_14)
FNF:3
FNH:3
FNDA:1,(anonymous_11)
FNDA:1,(anonymous_12)
FNDA:1,(anonymous_14)
DA:1,2
DA:9,2
DA:10,2
DA:12,2
DA:20,2
DA:26,1
DA:27,1
DA:32,1
DA:37,1
DA:39,1
DA:40,0
DA:41,0
DA:43,0
DA:44,0
DA:47,1
DA:49,1
DA:50,1
DA:51,1
DA:53,1
DA:56,1
DA:60,1
LF:21
LH:17
BRDA:33,0,0,0
BRDA:33,0,1,1
BRDA:35,1,0,1
BRDA:35,1,1,0
BRDA:37,2,0,0
BRDA:37,2,1,1
BRDA:39,3,0,0
BRDA:39,3,1,1
BRDA:43,4,0,0
BRDA:43,4,1,0
BRDA:50,5,0,0
BRDA:50,5,1,1
BRDA:51,6,0,1
BRDA:51,6,1,0
BRF:14
BRH:6
end_of_record
TN:
SF:/Users/nousunion/Repos/noMeatMayProject/code/server/src/db/entities/Challenge.ts
FN:13,(anonymous_3)
FN:19,(anonymous_4)
FN:24,(anonymous_5)
FN:82,(anonymous_6)
FNF:4
FNH:4
FNDA:2,(anonymous_3)
FNDA:2,(anonymous_4)
FNDA:2,(anonymous_5)
FNDA:1,(anonymous_6)
DA:1,2
DA:11,2
DA:13,2
DA:14,2
DA:15,2
DA:16,2
DA:19,2
DA:20,2
DA:21,2
DA:24,2
DA:25,2
DA:26,2
DA:27,2
DA:28,2
DA:29,2
DA:30,2
DA:31,2
DA:35,2
DA:37,2
DA:44,2
DA:51,2
DA:54,2
DA:57,2
DA:60,2
DA:68,2
DA:74,2
DA:80,2
DA:82,1
DA:84,2
DA:87,2
DA:90,2
LF:31
LH:31
BRDA:13,0,0,2
BRDA:13,0,1,2
BRDA:19,1,0,2
BRDA:19,1,1,2
BRDA:24,2,0,2
BRDA:24,2,1,2
BRF:6
BRH:6
end_of_record
TN:
SF:/Users/nousunion/Repos/noMeatMayProject/code/server/src/db/entities/CompletedChallenge.ts
FN:22,(anonymous_3)
FN:29,(anonymous_4)
FNF:2
FNH:2
FNDA:1,(anonymous_3)
FNDA:1,(anonymous_4)
DA:1,2
DA:11,2
DA:12,2
DA:15,2
DA:17,2
DA:20,2
DA:22,1
DA:24,2
DA:27,2
DA:29,1
DA:31,2
DA:34,2
DA:37,2
LF:13
LH:13
BRF:0
BRH:0
end_of_record
TN:
SF:/Users/nousunion/Repos/noMeatMayProject/code/server/src/db/entities/Recipe.ts
FN:13,(anonymous_3)
FN:19,(anonymous_4)
FN:25,(anonymous_5)
FN:81,(anonymous_6)
FN:82,(anonymous_7)
FNF:5
FNH:5
FNDA:2,(anonymous_3)
FNDA:2,(anonymous_4)
FNDA:2,(anonymous_5)
FNDA:1,(anonymous_6)
FNDA:1,(anonymous_7)
DA:1,2
DA:11,2
DA:13,2
DA:14,2
DA:15,2
DA:16,2
DA:19,2
DA:20,2
DA:21,2
DA:22,2
DA:25,2
DA:26,2
DA:27,2
DA:28,2
DA:29,2
DA:33,2
DA:35,2
DA:38,2
DA:43,2
DA:48,2
DA:51,2
DA:57,2
DA:63,2
DA:69,2
DA:72,2
DA:75,2
DA:78,2
DA:81,1
DA:82,1
DA:89,2
DA:92,2
DA:95,2
LF:32
LH:32
BRDA:13,0,0,2
BRDA:13,0,1,2
BRDA:19,1,0,2
BRDA:19,1,1,2
BRDA:25,2,0,2
BRDA:25,2,1,2
BRF:6
BRH:6
end_of_record
TN:
SF:/Users/nousunion/Repos/noMeatMayProject/code/server/src/db/entities/RecipeAttribution.ts
FN:26,(anonymous_3)
FN:27,(anonymous_4)
FNF:2
FNH:2
FNDA:1,(anonymous_3)
FNDA:1,(anonymous_4)
DA:1,2
DA:9,2
DA:12,2
DA:14,2
DA:17,2
DA:20,2
DA:23,2
DA:26,1
DA:27,1
DA:29,2
DA:32,2
DA:35,2
DA:38,2
DA:41,2
DA:44,2
LF:15
LH:15
BRF:0
BRH:0
end_of_record
TN:
SF:/Users/nousunion/Repos/noMeatMayProject/code/server/src/db/entities/UncompletedChallenge.ts
FN:22,(anonymous_3)
FN:29,(anonymous_4)
FNF:2
FNH:2
FNDA:1,(anonymous_3)
FNDA:1,(anonymous_4)
DA:1,2
DA:11,2
DA:12,2
DA:15,2
DA:17,2
DA:20,2
DA:22,1
DA:24,2
DA:27,2
DA:29,1
DA:31,2
DA:34,2
DA:37,2
LF:13
LH:13
BRF:0
BRH:0
end_of_record
TN:
SF:/Users/nousunion/Repos/noMeatMayProject/code/server/src/db/entities/UserProfile.ts
FN:9,(anonymous_2)
FNF:1
FNH:1
FNDA:2,(anonymous_2)
DA:1,2
DA:9,2
DA:10,2
DA:11,2
DA:12,2
DA:13,2
DA:17,2
DA:19,2
DA:22,2
DA:25,2
DA:28,2
DA:35,2
DA:40,2
DA:46,2
DA:52,2
DA:57,2
DA:60,2
DA:63,2
LF:18
LH:18
BRDA:9,0,0,2
BRDA:9,0,1,2
BRF:2
BRH:2
end_of_record
TN:
SF:/Users/nousunion/Repos/noMeatMayProject/code/server/src/graphql/schema.ts
FNF:0
FNH:0
DA:1,2
DA:2,2
DA:4,2
DA:5,2
DA:6,2
DA:7,2
DA:8,2
DA:9,2
DA:11,2
DA:12,2
DA:13,2
DA:14,2
DA:16,2
LF:13
LH:13
BRF:0
BRH:0
end_of_record
TN:
SF:/Users/nousunion/Repos/noMeatMayProject/code/server/src/graphql/types.ts
FN:32,(anonymous_0)
FN:47,(anonymous_1)
FN:60,(anonymous_2)
FN:66,(anonymous_3)
FN:73,(anonymous_4)
FN:180,(anonymous_5)
FN:196,(anonymous_6)
FNF:7
FNH:7
FNDA:3,(anonymous_0)
FNDA:3,(anonymous_1)
FNDA:3,(anonymous_2)
FNDA:3,(anonymous_3)
FNDA:3,(anonymous_4)
FNDA:3,(anonymous_5)
FNDA:3,(anonymous_6)
DA:32,3
DA:33,3
DA:34,3
DA:35,3
DA:47,3
DA:48,3
DA:49,3
DA:50,3
DA:60,3
DA:61,3
DA:62,3
DA:63,3
DA:66,3
DA:67,3
DA:68,3
DA:69,3
DA:70,3
DA:73,3
DA:74,3
DA:75,3
DA:76,3
DA:77,3
DA:180,3
DA:181,3
DA:182,3
DA:183,3
DA:184,3
DA:185,3
DA:186,3
DA:187,3
DA:196,3
DA:197,3
DA:198,3
LF:33
LH:33
BRDA:32,0,0,3
BRDA:32,0,1,3
BRDA:47,1,0,3
BRDA:47,1,1,3
BRDA:60,2,0,3
BRDA:60,2,1,3
BRDA:66,3,0,3
BRDA:66,3,1,3
BRDA:73,4,0,3
BRDA:73,4,1,3
BRDA:180,5,0,3
BRDA:180,5,1,3
BRDA:196,6,0,3
BRDA:196,6,1,3
BRF:14
BRH:14
end_of_record
TN:
SF:/Users/nousunion/Repos/noMeatMayProject/code/server/src/graphql/datasources/Challenge.ts
FN:28,(anonymous_12)
FN:36,(anonymous_13)
FN:44,(anonymous_15)
FN:52,(anonymous_17)
FNF:4
FNH:0
FNDA:0,(anonymous_12)
FNDA:0,(anonymous_13)
FNDA:0,(anonymous_15)
FNDA:0,(anonymous_17)
DA:1,2
DA:3,2
DA:4,2
DA:5,2
DA:6,2
DA:7,2
DA:11,2
DA:22,2
DA:27,2
DA:33,0
DA:38,0
DA:45,0
DA:49,0
DA:57,0
DA:58,0
DA:59,0
DA:67,0
DA:71,0
DA:76,0
DA:80,0
DA:83,0
DA:84,0
DA:85,0
DA:89,0
DA:90,0
DA:91,0
DA:92,0
DA:93,0
DA:94,0
DA:95,0
DA:98,0
DA:101,0
DA:105,0
DA:106,0
DA:107,0
DA:109,0
DA:110,0
DA:111,0
DA:114,0
DA:115,0
DA:117,0
DA:122,0
DA:123,0
DA:124,0
DA:125,0
DA:126,0
DA:127,0
DA:131,0
DA:132,0
DA:133,0
DA:134,0
DA:139,0
DA:141,0
LF:53
LH:9
BRDA:83,0,0,0
BRDA:83,0,1,0
BRDA:93,1,0,0
BRDA:93,1,1,0
BRDA:94,2,0,0
BRDA:94,2,1,0
BRDA:105,3,0,0
BRDA:105,3,1,0
BRDA:109,4,0,0
BRDA:109,4,1,0
BRDA:115,5,0,0
BRDA:115,5,1,0
BRDA:123,6,0,0
BRDA:123,6,1,0
BRDA:139,7,0,0
BRDA:139,7,1,0
BRF:16
BRH:0
end_of_record
TN:
SF:/Users/nousunion/Repos/noMeatMayProject/code/server/src/graphql/datasources/recipe.ts
FN:17,(anonymous_10)
FN:26,(anonymous_11)
FN:31,(anonymous_13)
FN:41,(anonymous_15)
FN:47,(anonymous_17)
FN:101,(anonymous_19)
FNF:6
FNH:0
FNDA:0,(anonymous_10)
FNDA:0,(anonymous_11)
FNDA:0,(anonymous_13)
FNDA:0,(anonymous_15)
FNDA:0,(anonymous_17)
FNDA:0,(anonymous_19)
DA:1,2
DA:3,2
DA:4,2
DA:7,2
DA:13,2
DA:16,2
DA:28,0
DA:32,0
DA:38,0
DA:42,0
DA:44,0
DA:64,0
DA:65,0
DA:66,0
DA:67,0
DA:68,0
DA:69,0
DA:70,0
DA:71,0
DA:72,0
DA:73,0
DA:75,0
DA:81,0
DA:83,0
DA:85,0
DA:86,0
DA:87,0
DA:88,0
DA:89,0
DA:90,0
DA:91,0
DA:93,0
DA:96,0
DA:98,0
DA:102,0
DA:106,0
DA:109,0
DA:113,0
LF:38
LH:6
BRDA:59,0,0,0
BRDA:60,1,0,0
BRDA:61,2,0,0
BRDA:62,3,0,0
BRDA:83,4,0,0
BRDA:83,4,1,0
BRF:6
BRH:0
end_of_record
TN:
SF:/Users/nousunion/Repos/noMeatMayProject/code/server/src/graphql/datasources/userProfile.ts
FN:18,(anonymous_12)
FN:29,(anonymous_13)
FN:34,(anonymous_15)
FN:45,(anonymous_17)
FN:88,(anonymous_19)
FNF:5
FNH:4
FNDA:1,(anonymous_12)
FNDA:1,(anonymous_13)
FNDA:0,(anonymous_15)
FNDA:1,(anonymous_17)
FNDA:1,(anonymous_19)
DA:1,2
DA:3,2
DA:7,2
DA:13,2
DA:17,2
DA:21,1
DA:30,1
DA:31,1
DA:35,0
DA:36,0
DA:42,0
DA:58,1
DA:60,1
DA:65,1
DA:66,1
DA:67,1
DA:68,1
DA:69,1
DA:71,1
DA:72,1
DA:73,1
DA:74,1
DA:75,1
DA:76,1
DA:77,0
DA:79,1
DA:81,1
DA:85,1
DA:89,1
LF:29
LH:25
BRDA:71,0,0,1
BRDA:71,0,1,0
BRDA:72,1,0,1
BRDA:72,1,1,0
BRDA:74,2,0,1
BRDA:74,2,1,0
BRDA:76,3,0,0
BRDA:76,3,1,1
BRF:8
BRH:4
end_of_record
TN:
SF:/Users/nousunion/Repos/noMeatMayProject/code/server/src/graphql/resolvers/article.ts
FN:3,(anonymous_7)
FN:3,(anonymous_8)
FN:11,(anonymous_9)
FN:15,(anonymous_10)
FNF:4
FNH:0
FNDA:0,(anonymous_7)
FNDA:0,(anonymous_8)
FNDA:0,(anonymous_9)
FNDA:0,(anonymous_10)
DA:1,2
DA:3,0
DA:6,0
DA:7,0
DA:12,0
DA:13,0
DA:16,0
DA:17,0
LF:8
LH:1
BRF:0
BRH:0
end_of_record
TN:
SF:/Users/nousunion/Repos/noMeatMayProject/code/server/src/graphql/resolvers/challenge.ts
FN:6,(anonymous_7)
FN:10,(anonymous_8)
FN:18,(anonymous_9)
FN:22,(anonymous_10)
FNF:4
FNH:0
FNDA:0,(anonymous_7)
FNDA:0,(anonymous_8)
FNDA:0,(anonymous_9)
FNDA:0,(anonymous_10)
DA:4,2
DA:10,0
DA:11,0
DA:12,0
DA:13,0
DA:14,0
DA:22,0
DA:23,0
DA:24,0
DA:25,0
DA:26,0
DA:28,0
DA:29,0
DA:34,0
DA:35,0
DA:37,0
DA:38,0
LF:17
LH:1
BRF:0
BRH:0
end_of_record
TN:
SF:/Users/nousunion/Repos/noMeatMayProject/code/server/src/graphql/resolvers/recipe.ts
FN:9,(anonymous_7)
FN:16,(anonymous_8)
FN:24,(anonymous_9)
FN:31,(anonymous_10)
FN:37,(anonymous_11)
FN:45,(anonymous_12)
FN:53,(anonymous_13)
FN:60,(anonymous_14)
FNF:8
FNH:0
FNDA:0,(anonymous_7)
FNDA:0,(anonymous_8)
FNDA:0,(anonymous_9)
FNDA:0,(anonymous_10)
FNDA:0,(anonymous_11)
FNDA:0,(anonymous_12)
FNDA:0,(anonymous_13)
FNDA:0,(anonymous_14)
DA:7,2
DA:16,0
DA:17,0
DA:18,0
DA:19,0
DA:20,0
DA:31,0
DA:32,0
DA:33,0
DA:34,0
DA:35,0
DA:45,0
DA:46,0
DA:47,0
DA:48,0
DA:49,0
DA:60,0
DA:61,0
DA:62,0
DA:63,0
DA:64,0
LF:21
LH:1
BRF:0
BRH:0
end_of_record
TN:
SF:/Users/nousunion/Repos/noMeatMayProject/code/server/src/graphql/resolvers/userProfile.ts
FN:6,(anonymous_7)
FN:10,(anonymous_8)
FN:26,(anonymous_9)
FN:30,(anonymous_10)
FNF:4
FNH:4
FNDA:1,(anonymous_7)
FNDA:1,(anonymous_8)
FNDA:1,(anonymous_9)
FNDA:1,(anonymous_10)
DA:4,2
DA:10,1
DA:11,1
DA:12,1
DA:13,1
DA:14,1
DA:15,1
DA:18,1
DA:20,0
DA:21,0
DA:30,1
DA:31,1
DA:32,1
DA:33,1
DA:34,1
DA:36,1
DA:37,1
DA:42,1
DA:43,1
DA:45,0
DA:46,0
LF:21
LH:17
BRF:0
BRH:0
end_of_record
TN:
SF:/Users/nousunion/Repos/noMeatMayProject/code/server/src/graphql/schema/article.ts
FNF:0
FNH:0
DA:1,2
DA:3,2
LF:2
LH:2
BRF:0
BRH:0
end_of_record
TN:
SF:/Users/nousunion/Repos/noMeatMayProject/code/server/src/graphql/schema/challenge.ts
FNF:0
FNH:0
DA:1,2
DA:3,2
LF:2
LH:2
BRF:0
BRH:0
end_of_record
TN:
SF:/Users/nousunion/Repos/noMeatMayProject/code/server/src/graphql/schema/mutations.ts
FNF:0
FNH:0
DA:1,2
DA:3,2
LF:2
LH:2
BRF:0
BRH:0
end_of_record
TN:
SF:/Users/nousunion/Repos/noMeatMayProject/code/server/src/graphql/schema/queries.ts
FNF:0
FNH:0
DA:1,2
DA:3,2
LF:2
LH:2
BRF:0
BRH:0
end_of_record
TN:
SF:/Users/nousunion/Repos/noMeatMayProject/code/server/src/graphql/schema/recipe.ts
FNF:0
FNH:0
DA:1,2
DA:3,2
LF:2
LH:2
BRF:0
BRH:0
end_of_record
TN:
SF:/Users/nousunion/Repos/noMeatMayProject/code/server/src/graphql/schema/userProfile.ts
FNF:0
FNH:0
DA:1,2
DA:3,2
LF:2
LH:2
BRF:0
BRH:0
end_of_record
TN:
SF:/Users/nousunion/Repos/noMeatMayProject/code/server/src/testUtils/testEnvsSetup.ts
FN:12,setUpTakeDownEnvs
FN:19,(anonymous_1)
FN:31,(anonymous_2)
FNF:3
FNH:3
FNDA:2,setUpTakeDownEnvs
FNDA:2,(anonymous_1)
FNDA:2,(anonymous_2)
DA:12,2
DA:13,2
DA:19,2
DA:20,2
DA:21,2
DA:22,2
DA:23,2
DA:25,2
DA:26,2
DA:27,2
DA:28,2
DA:31,2
DA:32,2
DA:33,2
DA:34,2
DA:35,2
LF:16
LH:16
BRF:0
BRH:0
end_of_record
TN:
SF:/Users/nousunion/Repos/noMeatMayProject/code/server/src/testUtils/testMocks.ts
FN:53,(anonymous_0)
FN:54,(anonymous_1)
FN:55,(anonymous_2)
FN:56,(anonymous_3)
FN:88,mockCustomEvent
FNF:5
FNH:1
FNDA:0,(anonymous_0)
FNDA:0,(anonymous_1)
FNDA:0,(anonymous_2)
FNDA:0,(anonymous_3)
FNDA:8,mockCustomEvent
DA:3,3
DA:10,3
DA:12,3
DA:26,3
DA:35,3
DA:42,3
DA:52,3
DA:53,0
DA:54,0
DA:55,0
DA:56,0
DA:88,3
DA:91,8
LF:13
LH:9
BRF:0
BRH:0
end_of_record
TN:
SF:/Users/nousunion/Repos/noMeatMayProject/code/server/src/utils/Authorisation.ts
FN:21,(anonymous_10)
FN:32,(anonymous_11)
FN:43,(anonymous_13)
FN:61,(anonymous_14)
FN:93,(anonymous_16)
FN:107,(anonymous_18)
FNF:6
FNH:6
FNDA:11,(anonymous_10)
FNDA:5,(anonymous_11)
FNDA:8,(anonymous_13)
FNDA:8,(anonymous_14)
FNDA:8,(anonymous_16)
FNDA:4,(anonymous_18)
DA:1,3
DA:2,3
DA:3,3
DA:4,3
DA:5,3
DA:16,3
DA:22,11
DA:28,11
DA:29,11
DA:33,5
DA:35,5
DA:37,5
DA:44,8
DA:45,8
DA:46,1
DA:51,7
DA:52,7
DA:53,1
DA:58,6
DA:62,8
DA:64,6
DA:67,6
DA:68,1
DA:71,5
DA:75,5
DA:79,5
DA:85,5
DA:87,5
DA:97,8
DA:99,5
DA:101,5
DA:102,5
DA:103,1
DA:106,4
DA:107,4
DA:110,4
DA:111,3
DA:113,1
DA:118,3
DA:119,3
DA:121,3
LF:41
LH:41
BRDA:26,0,0,11
BRDA:26,0,1,3
BRDA:28,1,0,11
BRDA:28,1,1,3
BRDA:29,2,0,11
BRDA:29,2,1,3
BRDA:38,3,0,5
BRDA:38,3,1,0
BRDA:45,4,0,1
BRDA:45,4,1,7
BRDA:52,5,0,1
BRDA:52,5,1,6
BRDA:52,6,0,7
BRDA:52,6,1,6
BRDA:67,7,0,1
BRDA:67,7,1,5
BRDA:67,8,0,6
BRDA:67,8,1,5
BRDA:67,8,2,5
BRDA:102,9,0,1
BRDA:102,9,1,4
BRDA:110,10,0,3
BRDA:110,10,1,1
BRF:23
BRH:22
end_of_record
TN:
SF:/Users/nousunion/Repos/noMeatMayProject/code/server/src/utils/CalculatePoints.ts
FN:15,(anonymous_4)
FN:32,(anonymous_5)
FN:61,(anonymous_6)
FN:79,(anonymous_7)
FNF:4
FNH:4
FNDA:2,(anonymous_4)
FNDA:3,(anonymous_5)
FNDA:6,(anonymous_6)
FNDA:10,(anonymous_7)
DA:1,2
DA:2,2
DA:10,2
DA:13,2
DA:14,2
DA:16,2
DA:36,3
DA:38,3
DA:40,3
DA:41,3
DA:43,3
DA:44,2
DA:46,3
DA:65,6
DA:67,6
DA:69,6
DA:73,6
DA:74,3
DA:76,6
DA:84,10
DA:86,9
DA:88,3
DA:93,3
DA:97,3
DA:98,3
DA:100,6
DA:104,6
DA:105,6
DA:106,6
DA:108,0
LF:30
LH:29
BRDA:43,0,0,2
BRDA:43,0,1,1
BRDA:73,1,0,3
BRDA:73,1,1,3
BRDA:82,2,0,10
BRDA:84,3,0,1
BRDA:84,3,1,9
BRDA:87,4,0,3
BRDA:87,4,1,6
BRDA:87,4,2,0
BRDA:87,5,0,9
BRDA:87,5,1,0
BRF:12
BRH:10
end_of_record
TN:
SF:/Users/nousunion/Repos/noMeatMayProject/code/server/src/utils/logger.ts
FN:2,(anonymous_0)
FN:8,(anonymous_1)
FN:11,(anonymous_2)
FN:19,(anonymous_3)
FN:24,(anonymous_4)
FN:28,(anonymous_5)
FNF:6
FNH:5
FNDA:2,(anonymous_0)
FNDA:2,(anonymous_1)
FNDA:2,(anonymous_2)
FNDA:5,(anonymous_3)
FNDA:0,(anonymous_4)
FNDA:5,(anonymous_5)
DA:2,2
DA:3,2
DA:4,2
DA:5,0
DA:6,2
DA:8,2
DA:9,2
DA:11,2
DA:12,2
DA:14,2
DA:15,2
DA:16,2
DA:18,2
DA:20,5
DA:21,5
DA:22,5
DA:25,0
DA:26,0
DA:29,5
DA:32,2
DA:36,2
LF:21
LH:18
BRDA:2,0,0,2
BRDA:2,0,1,2
BRDA:2,0,2,2
BRDA:3,1,0,2
BRDA:3,1,1,0
BRDA:3,2,0,0
BRDA:3,2,1,0
BRDA:4,3,0,2
BRDA:4,3,1,0
BRDA:4,4,0,2
BRDA:4,4,1,2
BRDA:5,5,0,0
BRDA:5,5,1,0
BRDA:5,6,0,0
BRDA:5,6,1,0
BRDA:5,7,0,0
BRDA:5,7,1,0
BRDA:5,8,0,0
BRDA:5,8,1,0
BRDA:6,9,0,2
BRDA:6,9,1,0
BRDA:6,9,2,0
BRDA:8,10,0,2
BRDA:8,10,1,2
BRDA:8,10,2,2
BRDA:9,11,0,2
BRDA:9,11,1,0
BRDA:9,12,0,2
BRDA:9,12,1,2
BRDA:11,13,0,2
BRDA:11,13,1,2
BRDA:11,13,2,2
BRDA:12,14,0,0
BRDA:12,14,1,2
BRDA:12,15,0,2
BRDA:12,15,1,2
BRF:36
BRH:20
end_of_record
